{"/home/bryant/packages/DSA/javaScript-dsa/data-structures/StacksandQueues/queue.js": {"path":"/home/bryant/packages/DSA/javaScript-dsa/data-structures/StacksandQueues/queue.js","statementMap":{"0":{"start":{"line":3,"column":13},"end":{"line":3,"column":46}},"1":{"start":{"line":7,"column":8},"end":{"line":7,"column":26}},"2":{"start":{"line":8,"column":8},"end":{"line":8,"column":31}},"3":{"start":{"line":12,"column":19},"end":{"line":12,"column":34}},"4":{"start":{"line":14,"column":8},"end":{"line":21,"column":9}},"5":{"start":{"line":15,"column":12},"end":{"line":15,"column":30}},"6":{"start":{"line":16,"column":12},"end":{"line":16,"column":29}},"7":{"start":{"line":19,"column":12},"end":{"line":19,"column":34}},"8":{"start":{"line":20,"column":12},"end":{"line":20,"column":29}},"9":{"start":{"line":25,"column":8},"end":{"line":27,"column":9}},"10":{"start":{"line":26,"column":12},"end":{"line":26,"column":24}},"11":{"start":{"line":28,"column":21},"end":{"line":28,"column":37}},"12":{"start":{"line":29,"column":8},"end":{"line":29,"column":37}},"13":{"start":{"line":30,"column":8},"end":{"line":30,"column":22}},"14":{"start":{"line":34,"column":8},"end":{"line":36,"column":9}},"15":{"start":{"line":35,"column":12},"end":{"line":35,"column":24}},"16":{"start":{"line":37,"column":8},"end":{"line":37,"column":32}},"17":{"start":{"line":41,"column":0},"end":{"line":41,"column":23}}},"fnMap":{"0":{"name":"(anonymous_0)","decl":{"start":{"line":6,"column":4},"end":{"line":6,"column":5}},"loc":{"start":{"line":6,"column":17},"end":{"line":9,"column":5}},"line":6},"1":{"name":"(anonymous_1)","decl":{"start":{"line":11,"column":4},"end":{"line":11,"column":5}},"loc":{"start":{"line":11,"column":18},"end":{"line":22,"column":5}},"line":11},"2":{"name":"(anonymous_2)","decl":{"start":{"line":24,"column":4},"end":{"line":24,"column":5}},"loc":{"start":{"line":24,"column":13},"end":{"line":31,"column":5}},"line":24},"3":{"name":"(anonymous_3)","decl":{"start":{"line":33,"column":4},"end":{"line":33,"column":5}},"loc":{"start":{"line":33,"column":10},"end":{"line":38,"column":5}},"line":33}},"branchMap":{"0":{"loc":{"start":{"line":14,"column":8},"end":{"line":21,"column":9}},"type":"if","locations":[{"start":{"line":14,"column":8},"end":{"line":21,"column":9}},{"start":{"line":14,"column":8},"end":{"line":21,"column":9}}],"line":14},"1":{"loc":{"start":{"line":25,"column":8},"end":{"line":27,"column":9}},"type":"if","locations":[{"start":{"line":25,"column":8},"end":{"line":27,"column":9}},{"start":{"line":25,"column":8},"end":{"line":27,"column":9}}],"line":25},"2":{"loc":{"start":{"line":34,"column":8},"end":{"line":36,"column":9}},"type":"if","locations":[{"start":{"line":34,"column":8},"end":{"line":36,"column":9}},{"start":{"line":34,"column":8},"end":{"line":36,"column":9}}],"line":34}},"s":{"0":1,"1":6,"2":6,"3":17,"4":17,"5":5,"6":5,"7":12,"8":12,"9":5,"10":0,"11":5,"12":5,"13":5,"14":2,"15":1,"16":1,"17":1},"f":{"0":6,"1":17,"2":5,"3":2},"b":{"0":[5,12],"1":[0,5],"2":[1,1]},"_coverageSchema":"1a1c01bbd47fc00a2c39e90264f33305004495a9","hash":"23d384479e837f2d198a0ceeb7c6f2e6c6a6750e"}
,"/home/bryant/packages/DSA/javaScript-dsa/data-structures/StacksandQueues/stack.js": {"path":"/home/bryant/packages/DSA/javaScript-dsa/data-structures/StacksandQueues/stack.js","statementMap":{"0":{"start":{"line":3,"column":13},"end":{"line":3,"column":46}},"1":{"start":{"line":7,"column":8},"end":{"line":7,"column":24}},"2":{"start":{"line":11,"column":19},"end":{"line":11,"column":34}},"3":{"start":{"line":12,"column":8},"end":{"line":12,"column":29}},"4":{"start":{"line":13,"column":8},"end":{"line":13,"column":24}},"5":{"start":{"line":14,"column":8},"end":{"line":14,"column":30}},"6":{"start":{"line":18,"column":8},"end":{"line":20,"column":9}},"7":{"start":{"line":19,"column":12},"end":{"line":19,"column":24}},"8":{"start":{"line":21,"column":21},"end":{"line":21,"column":35}},"9":{"start":{"line":22,"column":8},"end":{"line":22,"column":33}},"10":{"start":{"line":23,"column":8},"end":{"line":23,"column":22}},"11":{"start":{"line":27,"column":8},"end":{"line":29,"column":9}},"12":{"start":{"line":28,"column":12},"end":{"line":28,"column":24}},"13":{"start":{"line":31,"column":8},"end":{"line":31,"column":30}},"14":{"start":{"line":35,"column":0},"end":{"line":35,"column":23}}},"fnMap":{"0":{"name":"(anonymous_0)","decl":{"start":{"line":6,"column":4},"end":{"line":6,"column":5}},"loc":{"start":{"line":6,"column":17},"end":{"line":8,"column":5}},"line":6},"1":{"name":"(anonymous_1)","decl":{"start":{"line":10,"column":4},"end":{"line":10,"column":5}},"loc":{"start":{"line":10,"column":15},"end":{"line":15,"column":5}},"line":10},"2":{"name":"(anonymous_2)","decl":{"start":{"line":17,"column":4},"end":{"line":17,"column":5}},"loc":{"start":{"line":17,"column":9},"end":{"line":24,"column":5}},"line":17},"3":{"name":"(anonymous_3)","decl":{"start":{"line":26,"column":4},"end":{"line":26,"column":5}},"loc":{"start":{"line":26,"column":10},"end":{"line":32,"column":5}},"line":26}},"branchMap":{"0":{"loc":{"start":{"line":18,"column":8},"end":{"line":20,"column":9}},"type":"if","locations":[{"start":{"line":18,"column":8},"end":{"line":20,"column":9}},{"start":{"line":18,"column":8},"end":{"line":20,"column":9}}],"line":18},"1":{"loc":{"start":{"line":27,"column":8},"end":{"line":29,"column":9}},"type":"if","locations":[{"start":{"line":27,"column":8},"end":{"line":29,"column":9}},{"start":{"line":27,"column":8},"end":{"line":29,"column":9}}],"line":27}},"s":{"0":1,"1":6,"2":11,"3":11,"4":11,"5":11,"6":4,"7":1,"8":3,"9":3,"10":3,"11":1,"12":0,"13":1,"14":1},"f":{"0":6,"1":11,"2":4,"3":1},"b":{"0":[1,3],"1":[0,1]},"_coverageSchema":"1a1c01bbd47fc00a2c39e90264f33305004495a9","hash":"c71fc579cd1b94d176a27a5cff1eedc22ee555ec"}
,"/home/bryant/packages/DSA/javaScript-dsa/data-structures/binary-tree/node.js": {"path":"/home/bryant/packages/DSA/javaScript-dsa/data-structures/binary-tree/node.js","statementMap":{"0":{"start":{"line":5,"column":8},"end":{"line":5,"column":27}},"1":{"start":{"line":6,"column":8},"end":{"line":6,"column":30}},"2":{"start":{"line":7,"column":8},"end":{"line":7,"column":31}},"3":{"start":{"line":11,"column":0},"end":{"line":11,"column":22}}},"fnMap":{"0":{"name":"(anonymous_0)","decl":{"start":{"line":4,"column":4},"end":{"line":4,"column":5}},"loc":{"start":{"line":4,"column":29},"end":{"line":8,"column":5}},"line":4}},"branchMap":{"0":{"loc":{"start":{"line":4,"column":16},"end":{"line":4,"column":28}},"type":"default-arg","locations":[{"start":{"line":4,"column":24},"end":{"line":4,"column":28}}],"line":4}},"s":{"0":20,"1":20,"2":20,"3":1},"f":{"0":20},"b":{"0":[0]},"_coverageSchema":"1a1c01bbd47fc00a2c39e90264f33305004495a9","hash":"3a14a3cdae120a7abce798f6445fc543411b46fb"}
,"/home/bryant/packages/DSA/javaScript-dsa/data-structures/binary-tree/trees.js": {"path":"/home/bryant/packages/DSA/javaScript-dsa/data-structures/binary-tree/trees.js","statementMap":{"0":{"start":{"line":3,"column":13},"end":{"line":3,"column":33}},"1":{"start":{"line":7,"column":8},"end":{"line":7,"column":25}},"2":{"start":{"line":11,"column":20},"end":{"line":11,"column":22}},"3":{"start":{"line":12,"column":8},"end":{"line":12,"column":23}},"4":{"start":{"line":12,"column":17},"end":{"line":12,"column":23}},"5":{"start":{"line":13,"column":8},"end":{"line":13,"column":43}},"6":{"start":{"line":17,"column":8},"end":{"line":17,"column":31}},"7":{"start":{"line":19,"column":8},"end":{"line":19,"column":64}},"8":{"start":{"line":19,"column":27},"end":{"line":19,"column":64}},"9":{"start":{"line":20,"column":8},"end":{"line":20,"column":67}},"10":{"start":{"line":20,"column":28},"end":{"line":20,"column":67}},"11":{"start":{"line":22,"column":8},"end":{"line":22,"column":21}},"12":{"start":{"line":26,"column":8},"end":{"line":28,"column":9}},"13":{"start":{"line":27,"column":12},"end":{"line":27,"column":50}},"14":{"start":{"line":29,"column":20},"end":{"line":29,"column":22}},"15":{"start":{"line":30,"column":22},"end":{"line":30,"column":26}},"16":{"start":{"line":31,"column":8},"end":{"line":31,"column":40}},"17":{"start":{"line":32,"column":8},"end":{"line":32,"column":21}},"18":{"start":{"line":37,"column":8},"end":{"line":39,"column":9}},"19":{"start":{"line":38,"column":12},"end":{"line":38,"column":51}},"20":{"start":{"line":41,"column":8},"end":{"line":43,"column":9}},"21":{"start":{"line":42,"column":12},"end":{"line":42,"column":52}},"22":{"start":{"line":44,"column":8},"end":{"line":44,"column":31}},"23":{"start":{"line":47,"column":8},"end":{"line":49,"column":9}},"24":{"start":{"line":48,"column":12},"end":{"line":48,"column":50}},"25":{"start":{"line":50,"column":20},"end":{"line":50,"column":22}},"26":{"start":{"line":51,"column":22},"end":{"line":51,"column":26}},"27":{"start":{"line":52,"column":8},"end":{"line":52,"column":38}},"28":{"start":{"line":53,"column":8},"end":{"line":53,"column":21}},"29":{"start":{"line":58,"column":8},"end":{"line":60,"column":9}},"30":{"start":{"line":59,"column":12},"end":{"line":59,"column":49}},"31":{"start":{"line":62,"column":8},"end":{"line":62,"column":31}},"32":{"start":{"line":64,"column":8},"end":{"line":66,"column":9}},"33":{"start":{"line":65,"column":12},"end":{"line":65,"column":50}},"34":{"start":{"line":69,"column":21},"end":{"line":69,"column":22}},"35":{"start":{"line":70,"column":8},"end":{"line":72,"column":9}},"36":{"start":{"line":71,"column":12},"end":{"line":71,"column":26}},"37":{"start":{"line":73,"column":8},"end":{"line":73,"column":28}},"38":{"start":{"line":74,"column":25},"end":{"line":74,"column":62}},"39":{"start":{"line":75,"column":26},"end":{"line":75,"column":64}},"40":{"start":{"line":76,"column":8},"end":{"line":76,"column":52}},"41":{"start":{"line":76,"column":32},"end":{"line":76,"column":52}},"42":{"start":{"line":77,"column":8},"end":{"line":77,"column":54}},"43":{"start":{"line":77,"column":33},"end":{"line":77,"column":54}},"44":{"start":{"line":78,"column":8},"end":{"line":78,"column":22}},"45":{"start":{"line":82,"column":21},"end":{"line":82,"column":23}},"46":{"start":{"line":83,"column":8},"end":{"line":85,"column":9}},"47":{"start":{"line":84,"column":12},"end":{"line":84,"column":26}},"48":{"start":{"line":87,"column":20},"end":{"line":87,"column":22}},"49":{"start":{"line":88,"column":4},"end":{"line":88,"column":21}},"50":{"start":{"line":89,"column":4},"end":{"line":89,"column":30}},"51":{"start":{"line":90,"column":8},"end":{"line":104,"column":9}},"52":{"start":{"line":91,"column":34},"end":{"line":91,"column":47}},"53":{"start":{"line":92,"column":26},"end":{"line":92,"column":28}},"54":{"start":{"line":93,"column":20},"end":{"line":96,"column":21}},"55":{"start":{"line":94,"column":24},"end":{"line":94,"column":58}},"56":{"start":{"line":95,"column":24},"end":{"line":95,"column":62}},"57":{"start":{"line":97,"column":20},"end":{"line":100,"column":21}},"58":{"start":{"line":98,"column":24},"end":{"line":98,"column":59}},"59":{"start":{"line":99,"column":24},"end":{"line":99,"column":63}},"60":{"start":{"line":101,"column":20},"end":{"line":103,"column":21}},"61":{"start":{"line":102,"column":24},"end":{"line":102,"column":40}},"62":{"start":{"line":105,"column":8},"end":{"line":105,"column":22}},"63":{"start":{"line":109,"column":0},"end":{"line":109,"column":22}}},"fnMap":{"0":{"name":"(anonymous_0)","decl":{"start":{"line":6,"column":4},"end":{"line":6,"column":5}},"loc":{"start":{"line":6,"column":17},"end":{"line":8,"column":5}},"line":6},"1":{"name":"(anonymous_1)","decl":{"start":{"line":10,"column":4},"end":{"line":10,"column":5}},"loc":{"start":{"line":10,"column":18},"end":{"line":14,"column":5}},"line":10},"2":{"name":"(anonymous_2)","decl":{"start":{"line":16,"column":4},"end":{"line":16,"column":5}},"loc":{"start":{"line":16,"column":26},"end":{"line":24,"column":5}},"line":16},"3":{"name":"(anonymous_3)","decl":{"start":{"line":25,"column":3},"end":{"line":25,"column":4}},"loc":{"start":{"line":25,"column":18},"end":{"line":34,"column":5}},"line":25},"4":{"name":"(anonymous_4)","decl":{"start":{"line":35,"column":4},"end":{"line":35,"column":5}},"loc":{"start":{"line":35,"column":27},"end":{"line":45,"column":5}},"line":35},"5":{"name":"(anonymous_5)","decl":{"start":{"line":46,"column":4},"end":{"line":46,"column":5}},"loc":{"start":{"line":46,"column":17},"end":{"line":55,"column":5}},"line":46},"6":{"name":"(anonymous_6)","decl":{"start":{"line":56,"column":4},"end":{"line":56,"column":5}},"loc":{"start":{"line":56,"column":25},"end":{"line":67,"column":5}},"line":56},"7":{"name":"(anonymous_7)","decl":{"start":{"line":68,"column":4},"end":{"line":68,"column":5}},"loc":{"start":{"line":68,"column":26},"end":{"line":79,"column":5}},"line":68},"8":{"name":"(anonymous_8)","decl":{"start":{"line":81,"column":4},"end":{"line":81,"column":5}},"loc":{"start":{"line":81,"column":17},"end":{"line":106,"column":5}},"line":81}},"branchMap":{"0":{"loc":{"start":{"line":12,"column":8},"end":{"line":12,"column":23}},"type":"if","locations":[{"start":{"line":12,"column":8},"end":{"line":12,"column":23}},{"start":{"line":12,"column":8},"end":{"line":12,"column":23}}],"line":12},"1":{"loc":{"start":{"line":19,"column":8},"end":{"line":19,"column":64}},"type":"if","locations":[{"start":{"line":19,"column":8},"end":{"line":19,"column":64}},{"start":{"line":19,"column":8},"end":{"line":19,"column":64}}],"line":19},"2":{"loc":{"start":{"line":20,"column":8},"end":{"line":20,"column":67}},"type":"if","locations":[{"start":{"line":20,"column":8},"end":{"line":20,"column":67}},{"start":{"line":20,"column":8},"end":{"line":20,"column":67}}],"line":20},"3":{"loc":{"start":{"line":26,"column":8},"end":{"line":28,"column":9}},"type":"if","locations":[{"start":{"line":26,"column":8},"end":{"line":28,"column":9}},{"start":{"line":26,"column":8},"end":{"line":28,"column":9}}],"line":26},"4":{"loc":{"start":{"line":26,"column":11},"end":{"line":26,"column":62}},"type":"binary-expr","locations":[{"start":{"line":26,"column":11},"end":{"line":26,"column":34}},{"start":{"line":26,"column":38},"end":{"line":26,"column":62}}],"line":26},"5":{"loc":{"start":{"line":37,"column":8},"end":{"line":39,"column":9}},"type":"if","locations":[{"start":{"line":37,"column":8},"end":{"line":39,"column":9}},{"start":{"line":37,"column":8},"end":{"line":39,"column":9}}],"line":37},"6":{"loc":{"start":{"line":41,"column":8},"end":{"line":43,"column":9}},"type":"if","locations":[{"start":{"line":41,"column":8},"end":{"line":43,"column":9}},{"start":{"line":41,"column":8},"end":{"line":43,"column":9}}],"line":41},"7":{"loc":{"start":{"line":47,"column":8},"end":{"line":49,"column":9}},"type":"if","locations":[{"start":{"line":47,"column":8},"end":{"line":49,"column":9}},{"start":{"line":47,"column":8},"end":{"line":49,"column":9}}],"line":47},"8":{"loc":{"start":{"line":47,"column":11},"end":{"line":47,"column":62}},"type":"binary-expr","locations":[{"start":{"line":47,"column":11},"end":{"line":47,"column":34}},{"start":{"line":47,"column":38},"end":{"line":47,"column":62}}],"line":47},"9":{"loc":{"start":{"line":58,"column":8},"end":{"line":60,"column":9}},"type":"if","locations":[{"start":{"line":58,"column":8},"end":{"line":60,"column":9}},{"start":{"line":58,"column":8},"end":{"line":60,"column":9}}],"line":58},"10":{"loc":{"start":{"line":64,"column":8},"end":{"line":66,"column":9}},"type":"if","locations":[{"start":{"line":64,"column":8},"end":{"line":66,"column":9}},{"start":{"line":64,"column":8},"end":{"line":66,"column":9}}],"line":64},"11":{"loc":{"start":{"line":70,"column":8},"end":{"line":72,"column":9}},"type":"if","locations":[{"start":{"line":70,"column":8},"end":{"line":72,"column":9}},{"start":{"line":70,"column":8},"end":{"line":72,"column":9}}],"line":70},"12":{"loc":{"start":{"line":76,"column":8},"end":{"line":76,"column":52}},"type":"if","locations":[{"start":{"line":76,"column":8},"end":{"line":76,"column":52}},{"start":{"line":76,"column":8},"end":{"line":76,"column":52}}],"line":76},"13":{"loc":{"start":{"line":77,"column":8},"end":{"line":77,"column":54}},"type":"if","locations":[{"start":{"line":77,"column":8},"end":{"line":77,"column":54}},{"start":{"line":77,"column":8},"end":{"line":77,"column":54}}],"line":77},"14":{"loc":{"start":{"line":83,"column":8},"end":{"line":85,"column":9}},"type":"if","locations":[{"start":{"line":83,"column":8},"end":{"line":85,"column":9}},{"start":{"line":83,"column":8},"end":{"line":85,"column":9}}],"line":83},"15":{"loc":{"start":{"line":93,"column":20},"end":{"line":96,"column":21}},"type":"if","locations":[{"start":{"line":93,"column":20},"end":{"line":96,"column":21}},{"start":{"line":93,"column":20},"end":{"line":96,"column":21}}],"line":93},"16":{"loc":{"start":{"line":97,"column":20},"end":{"line":100,"column":21}},"type":"if","locations":[{"start":{"line":97,"column":20},"end":{"line":100,"column":21}},{"start":{"line":97,"column":20},"end":{"line":100,"column":21}}],"line":97},"17":{"loc":{"start":{"line":101,"column":20},"end":{"line":103,"column":21}},"type":"if","locations":[{"start":{"line":101,"column":20},"end":{"line":103,"column":21}},{"start":{"line":101,"column":20},"end":{"line":103,"column":21}}],"line":101}},"s":{"0":1,"1":5,"2":1,"3":1,"4":1,"5":1,"6":4,"7":4,"8":2,"9":4,"10":1,"11":4,"12":1,"13":0,"14":1,"15":1,"16":1,"17":1,"18":4,"19":2,"20":4,"21":1,"22":4,"23":1,"24":0,"25":1,"26":1,"27":1,"28":1,"29":4,"30":2,"31":4,"32":4,"33":1,"34":9,"35":9,"36":5,"37":4,"38":4,"39":4,"40":4,"41":2,"42":4,"43":1,"44":4,"45":1,"46":1,"47":0,"48":1,"49":1,"50":1,"51":1,"52":4,"53":4,"54":4,"55":2,"56":2,"57":4,"58":1,"59":1,"60":4,"61":2,"62":1,"63":1},"f":{"0":5,"1":1,"2":4,"3":1,"4":4,"5":1,"6":4,"7":9,"8":1},"b":{"0":[1,0],"1":[2,2],"2":[1,3],"3":[0,1],"4":[1,0],"5":[2,2],"6":[1,3],"7":[0,1],"8":[1,0],"9":[2,2],"10":[1,3],"11":[5,4],"12":[2,2],"13":[1,3],"14":[0,1],"15":[2,2],"16":[1,3],"17":[2,2]},"_coverageSchema":"1a1c01bbd47fc00a2c39e90264f33305004495a9","hash":"0aeca24a93b0c45b0f84fda769cec9dce2f3023f"}
,"/home/bryant/packages/DSA/javaScript-dsa/data-structures/graph/graph.js": {"path":"/home/bryant/packages/DSA/javaScript-dsa/data-structures/graph/graph.js","statementMap":{"0":{"start":{"line":5,"column":4},"end":{"line":5,"column":23}},"1":{"start":{"line":11,"column":4},"end":{"line":11,"column":25}},"2":{"start":{"line":12,"column":4},"end":{"line":12,"column":25}},"3":{"start":{"line":23,"column":4},"end":{"line":23,"column":35}},"4":{"start":{"line":28,"column":20},"end":{"line":28,"column":37}},"5":{"start":{"line":30,"column":4},"end":{"line":30,"column":42}},"6":{"start":{"line":31,"column":4},"end":{"line":31,"column":21}},"7":{"start":{"line":37,"column":4},"end":{"line":39,"column":5}},"8":{"start":{"line":38,"column":6},"end":{"line":38,"column":42}},"9":{"start":{"line":42,"column":16},"end":{"line":42,"column":51}},"10":{"start":{"line":43,"column":4},"end":{"line":43,"column":44}},"11":{"start":{"line":44,"column":4},"end":{"line":44,"column":17}},"12":{"start":{"line":50,"column":4},"end":{"line":52,"column":5}},"13":{"start":{"line":51,"column":6},"end":{"line":51,"column":40}},"14":{"start":{"line":55,"column":4},"end":{"line":55,"column":47}},"15":{"start":{"line":60,"column":18},"end":{"line":60,"column":20}},"16":{"start":{"line":61,"column":20},"end":{"line":61,"column":29}},"17":{"start":{"line":63,"column":4},"end":{"line":63,"column":26}},"18":{"start":{"line":64,"column":4},"end":{"line":64,"column":27}},"19":{"start":{"line":65,"column":17},"end":{"line":65,"column":37}},"20":{"start":{"line":67,"column":4},"end":{"line":88,"column":5}},"21":{"start":{"line":69,"column":26},"end":{"line":69,"column":39}},"22":{"start":{"line":71,"column":22},"end":{"line":71,"column":52}},"23":{"start":{"line":74,"column":6},"end":{"line":86,"column":7}},"24":{"start":{"line":76,"column":19},"end":{"line":76,"column":34}},"25":{"start":{"line":78,"column":8},"end":{"line":83,"column":9}},"26":{"start":{"line":79,"column":10},"end":{"line":79,"column":19}},"27":{"start":{"line":81,"column":12},"end":{"line":81,"column":37}},"28":{"start":{"line":82,"column":10},"end":{"line":82,"column":28}},"29":{"start":{"line":85,"column":8},"end":{"line":85,"column":25}},"30":{"start":{"line":90,"column":4},"end":{"line":90,"column":18}},"31":{"start":{"line":96,"column":18},"end":{"line":96,"column":20}},"32":{"start":{"line":97,"column":20},"end":{"line":97,"column":29}},"33":{"start":{"line":98,"column":22},"end":{"line":98,"column":31}},"34":{"start":{"line":100,"column":4},"end":{"line":100,"column":28}},"35":{"start":{"line":102,"column":4},"end":{"line":119,"column":5}},"36":{"start":{"line":104,"column":6},"end":{"line":104,"column":31}},"37":{"start":{"line":106,"column":24},"end":{"line":106,"column":54}},"38":{"start":{"line":108,"column":6},"end":{"line":116,"column":7}},"39":{"start":{"line":109,"column":19},"end":{"line":109,"column":34}},"40":{"start":{"line":111,"column":8},"end":{"line":115,"column":9}},"41":{"start":{"line":114,"column":10},"end":{"line":114,"column":27}},"42":{"start":{"line":118,"column":6},"end":{"line":118,"column":32}},"43":{"start":{"line":121,"column":4},"end":{"line":121,"column":19}},"44":{"start":{"line":128,"column":25},"end":{"line":128,"column":34}},"45":{"start":{"line":129,"column":17},"end":{"line":129,"column":19}},"46":{"start":{"line":131,"column":30},"end":{"line":141,"column":5}},"47":{"start":{"line":132,"column":8},"end":{"line":132,"column":35}},"48":{"start":{"line":133,"column":6},"end":{"line":133,"column":26}},"49":{"start":{"line":135,"column":22},"end":{"line":135,"column":47}},"50":{"start":{"line":136,"column":6},"end":{"line":140,"column":7}},"51":{"start":{"line":137,"column":8},"end":{"line":139,"column":9}},"52":{"start":{"line":138,"column":10},"end":{"line":138,"column":50}},"53":{"start":{"line":143,"column":4},"end":{"line":143,"column":47}},"54":{"start":{"line":146,"column":4},"end":{"line":146,"column":18}},"55":{"start":{"line":149,"column":25},"end":{"line":149,"column":34}},"56":{"start":{"line":150,"column":16},"end":{"line":150,"column":17}},"57":{"start":{"line":152,"column":30},"end":{"line":162,"column":5}},"58":{"start":{"line":153,"column":8},"end":{"line":153,"column":15}},"59":{"start":{"line":154,"column":6},"end":{"line":154,"column":26}},"60":{"start":{"line":156,"column":22},"end":{"line":156,"column":47}},"61":{"start":{"line":157,"column":6},"end":{"line":161,"column":7}},"62":{"start":{"line":158,"column":8},"end":{"line":160,"column":9}},"63":{"start":{"line":159,"column":10},"end":{"line":159,"column":50}},"64":{"start":{"line":164,"column":4},"end":{"line":164,"column":47}},"65":{"start":{"line":167,"column":4},"end":{"line":167,"column":17}},"66":{"start":{"line":172,"column":0},"end":{"line":172,"column":39}}},"fnMap":{"0":{"name":"(anonymous_0)","decl":{"start":{"line":4,"column":2},"end":{"line":4,"column":3}},"loc":{"start":{"line":4,"column":21},"end":{"line":6,"column":3}},"line":4},"1":{"name":"(anonymous_1)","decl":{"start":{"line":10,"column":2},"end":{"line":10,"column":3}},"loc":{"start":{"line":10,"column":34},"end":{"line":13,"column":3}},"line":10},"2":{"name":"(anonymous_2)","decl":{"start":{"line":18,"column":2},"end":{"line":18,"column":3}},"loc":{"start":{"line":18,"column":16},"end":{"line":24,"column":3}},"line":18},"3":{"name":"(anonymous_3)","decl":{"start":{"line":26,"column":2},"end":{"line":26,"column":3}},"loc":{"start":{"line":26,"column":19},"end":{"line":32,"column":3}},"line":26},"4":{"name":"(anonymous_4)","decl":{"start":{"line":35,"column":2},"end":{"line":35,"column":3}},"loc":{"start":{"line":35,"column":46},"end":{"line":45,"column":3}},"line":35},"5":{"name":"(anonymous_5)","decl":{"start":{"line":47,"column":2},"end":{"line":47,"column":3}},"loc":{"start":{"line":47,"column":23},"end":{"line":56,"column":3}},"line":47},"6":{"name":"(anonymous_6)","decl":{"start":{"line":58,"column":2},"end":{"line":58,"column":3}},"loc":{"start":{"line":58,"column":26},"end":{"line":91,"column":3}},"line":58},"7":{"name":"(anonymous_7)","decl":{"start":{"line":94,"column":2},"end":{"line":94,"column":3}},"loc":{"start":{"line":94,"column":24},"end":{"line":122,"column":3}},"line":94},"8":{"name":"(anonymous_8)","decl":{"start":{"line":125,"column":2},"end":{"line":125,"column":3}},"loc":{"start":{"line":125,"column":33},"end":{"line":147,"column":3}},"line":125},"9":{"name":"(anonymous_9)","decl":{"start":{"line":131,"column":30},"end":{"line":131,"column":31}},"loc":{"start":{"line":131,"column":51},"end":{"line":141,"column":5}},"line":131},"10":{"name":"(anonymous_10)","decl":{"start":{"line":148,"column":2},"end":{"line":148,"column":3}},"loc":{"start":{"line":148,"column":17},"end":{"line":168,"column":3}},"line":148},"11":{"name":"(anonymous_11)","decl":{"start":{"line":152,"column":30},"end":{"line":152,"column":31}},"loc":{"start":{"line":152,"column":51},"end":{"line":162,"column":5}},"line":152}},"branchMap":{"0":{"loc":{"start":{"line":10,"column":22},"end":{"line":10,"column":32}},"type":"default-arg","locations":[{"start":{"line":10,"column":31},"end":{"line":10,"column":32}}],"line":10},"1":{"loc":{"start":{"line":35,"column":34},"end":{"line":35,"column":44}},"type":"default-arg","locations":[{"start":{"line":35,"column":43},"end":{"line":35,"column":44}}],"line":35},"2":{"loc":{"start":{"line":37,"column":4},"end":{"line":39,"column":5}},"type":"if","locations":[{"start":{"line":37,"column":4},"end":{"line":39,"column":5}},{"start":{"line":37,"column":4},"end":{"line":39,"column":5}}],"line":37},"3":{"loc":{"start":{"line":37,"column":8},"end":{"line":37,"column":82}},"type":"binary-expr","locations":[{"start":{"line":37,"column":8},"end":{"line":37,"column":44}},{"start":{"line":37,"column":48},"end":{"line":37,"column":82}}],"line":37},"4":{"loc":{"start":{"line":50,"column":4},"end":{"line":52,"column":5}},"type":"if","locations":[{"start":{"line":50,"column":4},"end":{"line":52,"column":5}},{"start":{"line":50,"column":4},"end":{"line":52,"column":5}}],"line":50},"5":{"loc":{"start":{"line":78,"column":8},"end":{"line":83,"column":9}},"type":"if","locations":[{"start":{"line":78,"column":8},"end":{"line":83,"column":9}},{"start":{"line":78,"column":8},"end":{"line":83,"column":9}}],"line":78},"6":{"loc":{"start":{"line":111,"column":8},"end":{"line":115,"column":9}},"type":"if","locations":[{"start":{"line":111,"column":8},"end":{"line":115,"column":9}},{"start":{"line":111,"column":8},"end":{"line":115,"column":9}}],"line":111},"7":{"loc":{"start":{"line":137,"column":8},"end":{"line":139,"column":9}},"type":"if","locations":[{"start":{"line":137,"column":8},"end":{"line":139,"column":9}},{"start":{"line":137,"column":8},"end":{"line":139,"column":9}}],"line":137},"8":{"loc":{"start":{"line":158,"column":8},"end":{"line":160,"column":9}},"type":"if","locations":[{"start":{"line":158,"column":8},"end":{"line":160,"column":9}},{"start":{"line":158,"column":8},"end":{"line":160,"column":9}}],"line":158}},"s":{"0":5,"1":6,"2":6,"3":1,"4":5,"5":5,"6":5,"7":6,"8":0,"9":6,"10":6,"11":6,"12":16,"13":0,"14":16,"15":1,"16":1,"17":1,"18":1,"19":1,"20":1,"21":5,"22":5,"23":5,"24":6,"25":6,"26":2,"27":4,"28":4,"29":4,"30":1,"31":0,"32":0,"33":0,"34":0,"35":0,"36":0,"37":0,"38":0,"39":0,"40":0,"41":0,"42":0,"43":0,"44":1,"45":1,"46":1,"47":5,"48":5,"49":5,"50":5,"51":6,"52":4,"53":1,"54":1,"55":1,"56":1,"57":1,"58":5,"59":5,"60":5,"61":5,"62":6,"63":4,"64":1,"65":1,"66":1},"f":{"0":5,"1":6,"2":1,"3":5,"4":6,"5":16,"6":1,"7":0,"8":1,"9":5,"10":1,"11":5},"b":{"0":[0],"1":[6],"2":[0,6],"3":[6,6],"4":[0,16],"5":[2,4],"6":[0,0],"7":[4,2],"8":[4,2]},"_coverageSchema":"1a1c01bbd47fc00a2c39e90264f33305004495a9","hash":"cea48cf533df5bfb6b4d08fe901c5d08dd7babc9"}
,"/home/bryant/packages/DSA/javaScript-dsa/data-structures/linked-list/linked-list.js": {"path":"/home/bryant/packages/DSA/javaScript-dsa/data-structures/linked-list/linked-list.js","statementMap":{"0":{"start":{"line":8,"column":4},"end":{"line":8,"column":21}},"1":{"start":{"line":9,"column":4},"end":{"line":9,"column":21}},"2":{"start":{"line":13,"column":4},"end":{"line":13,"column":29}},"3":{"start":{"line":14,"column":15},"end":{"line":14,"column":35}},"4":{"start":{"line":15,"column":4},"end":{"line":15,"column":26}},"5":{"start":{"line":16,"column":4},"end":{"line":16,"column":21}},"6":{"start":{"line":20,"column":4},"end":{"line":20,"column":29}},"7":{"start":{"line":22,"column":4},"end":{"line":27,"column":5}},"8":{"start":{"line":23,"column":6},"end":{"line":25,"column":7}},"9":{"start":{"line":24,"column":8},"end":{"line":24,"column":20}},"10":{"start":{"line":26,"column":6},"end":{"line":26,"column":39}},"11":{"start":{"line":28,"column":4},"end":{"line":28,"column":17}},"12":{"start":{"line":32,"column":4},"end":{"line":32,"column":29}},"13":{"start":{"line":34,"column":4},"end":{"line":36,"column":5}},"14":{"start":{"line":35,"column":6},"end":{"line":35,"column":20}},"15":{"start":{"line":37,"column":20},"end":{"line":37,"column":22}},"16":{"start":{"line":39,"column":4},"end":{"line":42,"column":5}},"17":{"start":{"line":40,"column":6},"end":{"line":40,"column":58}},"18":{"start":{"line":41,"column":6},"end":{"line":41,"column":39}},"19":{"start":{"line":43,"column":4},"end":{"line":43,"column":36}},"20":{"start":{"line":44,"column":4},"end":{"line":44,"column":21}},"21":{"start":{"line":48,"column":4},"end":{"line":48,"column":29}},"22":{"start":{"line":49,"column":4},"end":{"line":52,"column":5}},"23":{"start":{"line":50,"column":6},"end":{"line":50,"column":39}},"24":{"start":{"line":51,"column":6},"end":{"line":51,"column":13}},"25":{"start":{"line":53,"column":4},"end":{"line":64,"column":5}},"26":{"start":{"line":54,"column":6},"end":{"line":62,"column":7}},"27":{"start":{"line":56,"column":19},"end":{"line":56,"column":39}},"28":{"start":{"line":58,"column":8},"end":{"line":58,"column":33}},"29":{"start":{"line":60,"column":8},"end":{"line":60,"column":41}},"30":{"start":{"line":63,"column":6},"end":{"line":63,"column":39}},"31":{"start":{"line":68,"column":4},"end":{"line":68,"column":29}},"32":{"start":{"line":70,"column":4},"end":{"line":87,"column":5}},"33":{"start":{"line":71,"column":6},"end":{"line":71,"column":27}},"34":{"start":{"line":75,"column":17},"end":{"line":75,"column":29}},"35":{"start":{"line":77,"column":6},"end":{"line":86,"column":7}},"36":{"start":{"line":78,"column":8},"end":{"line":83,"column":9}},"37":{"start":{"line":79,"column":21},"end":{"line":79,"column":44}},"38":{"start":{"line":80,"column":10},"end":{"line":80,"column":35}},"39":{"start":{"line":81,"column":10},"end":{"line":81,"column":27}},"40":{"start":{"line":82,"column":10},"end":{"line":82,"column":16}},"41":{"start":{"line":84,"column":8},"end":{"line":84,"column":28}},"42":{"start":{"line":85,"column":8},"end":{"line":85,"column":41}},"43":{"start":{"line":91,"column":4},"end":{"line":91,"column":29}},"44":{"start":{"line":93,"column":4},"end":{"line":100,"column":5}},"45":{"start":{"line":94,"column":6},"end":{"line":98,"column":7}},"46":{"start":{"line":95,"column":19},"end":{"line":95,"column":42}},"47":{"start":{"line":96,"column":8},"end":{"line":96,"column":38}},"48":{"start":{"line":97,"column":8},"end":{"line":97,"column":33}},"49":{"start":{"line":99,"column":6},"end":{"line":99,"column":39}},"50":{"start":{"line":105,"column":4},"end":{"line":105,"column":29}},"51":{"start":{"line":107,"column":18},"end":{"line":107,"column":30}},"52":{"start":{"line":108,"column":18},"end":{"line":108,"column":30}},"53":{"start":{"line":110,"column":12},"end":{"line":110,"column":15}},"54":{"start":{"line":111,"column":4},"end":{"line":113,"column":5}},"55":{"start":{"line":112,"column":6},"end":{"line":112,"column":65}},"56":{"start":{"line":116,"column":4},"end":{"line":129,"column":5}},"57":{"start":{"line":117,"column":6},"end":{"line":128,"column":7}},"58":{"start":{"line":118,"column":8},"end":{"line":118,"column":12}},"59":{"start":{"line":119,"column":8},"end":{"line":119,"column":31}},"60":{"start":{"line":121,"column":11},"end":{"line":128,"column":7}},"61":{"start":{"line":122,"column":8},"end":{"line":122,"column":74}},"62":{"start":{"line":126,"column":8},"end":{"line":126,"column":31}},"63":{"start":{"line":127,"column":8},"end":{"line":127,"column":31}},"64":{"start":{"line":130,"column":4},"end":{"line":130,"column":25}},"65":{"start":{"line":135,"column":0},"end":{"line":135,"column":28}}},"fnMap":{"0":{"name":"(anonymous_0)","decl":{"start":{"line":7,"column":2},"end":{"line":7,"column":3}},"loc":{"start":{"line":7,"column":33},"end":{"line":10,"column":3}},"line":7},"1":{"name":"(anonymous_1)","decl":{"start":{"line":12,"column":2},"end":{"line":12,"column":3}},"loc":{"start":{"line":12,"column":16},"end":{"line":17,"column":3}},"line":12},"2":{"name":"(anonymous_2)","decl":{"start":{"line":19,"column":2},"end":{"line":19,"column":3}},"loc":{"start":{"line":19,"column":18},"end":{"line":29,"column":3}},"line":19},"3":{"name":"(anonymous_3)","decl":{"start":{"line":31,"column":2},"end":{"line":31,"column":3}},"loc":{"start":{"line":31,"column":13},"end":{"line":45,"column":3}},"line":31},"4":{"name":"(anonymous_4)","decl":{"start":{"line":47,"column":2},"end":{"line":47,"column":3}},"loc":{"start":{"line":47,"column":16},"end":{"line":65,"column":3}},"line":47},"5":{"name":"(anonymous_5)","decl":{"start":{"line":67,"column":2},"end":{"line":67,"column":3}},"loc":{"start":{"line":67,"column":32},"end":{"line":88,"column":3}},"line":67},"6":{"name":"(anonymous_6)","decl":{"start":{"line":90,"column":2},"end":{"line":90,"column":3}},"loc":{"start":{"line":90,"column":31},"end":{"line":102,"column":3}},"line":90},"7":{"name":"(anonymous_7)","decl":{"start":{"line":104,"column":2},"end":{"line":104,"column":3}},"loc":{"start":{"line":104,"column":18},"end":{"line":131,"column":3}},"line":104}},"branchMap":{"0":{"loc":{"start":{"line":7,"column":14},"end":{"line":7,"column":25}},"type":"default-arg","locations":[{"start":{"line":7,"column":21},"end":{"line":7,"column":25}}],"line":7},"1":{"loc":{"start":{"line":23,"column":6},"end":{"line":25,"column":7}},"type":"if","locations":[{"start":{"line":23,"column":6},"end":{"line":25,"column":7}},{"start":{"line":23,"column":6},"end":{"line":25,"column":7}}],"line":23},"2":{"loc":{"start":{"line":34,"column":4},"end":{"line":36,"column":5}},"type":"if","locations":[{"start":{"line":34,"column":4},"end":{"line":36,"column":5}},{"start":{"line":34,"column":4},"end":{"line":36,"column":5}}],"line":34},"3":{"loc":{"start":{"line":49,"column":4},"end":{"line":52,"column":5}},"type":"if","locations":[{"start":{"line":49,"column":4},"end":{"line":52,"column":5}},{"start":{"line":49,"column":4},"end":{"line":52,"column":5}}],"line":49},"4":{"loc":{"start":{"line":54,"column":6},"end":{"line":62,"column":7}},"type":"if","locations":[{"start":{"line":54,"column":6},"end":{"line":62,"column":7}},{"start":{"line":54,"column":6},"end":{"line":62,"column":7}}],"line":54},"5":{"loc":{"start":{"line":54,"column":10},"end":{"line":54,"column":68}},"type":"binary-expr","locations":[{"start":{"line":54,"column":10},"end":{"line":54,"column":36}},{"start":{"line":54,"column":40},"end":{"line":54,"column":68}}],"line":54},"6":{"loc":{"start":{"line":70,"column":4},"end":{"line":87,"column":5}},"type":"if","locations":[{"start":{"line":70,"column":4},"end":{"line":87,"column":5}},{"start":{"line":70,"column":4},"end":{"line":87,"column":5}}],"line":70},"7":{"loc":{"start":{"line":78,"column":8},"end":{"line":83,"column":9}},"type":"if","locations":[{"start":{"line":78,"column":8},"end":{"line":83,"column":9}},{"start":{"line":78,"column":8},"end":{"line":83,"column":9}}],"line":78},"8":{"loc":{"start":{"line":94,"column":6},"end":{"line":98,"column":7}},"type":"if","locations":[{"start":{"line":94,"column":6},"end":{"line":98,"column":7}},{"start":{"line":94,"column":6},"end":{"line":98,"column":7}}],"line":94},"9":{"loc":{"start":{"line":111,"column":4},"end":{"line":113,"column":5}},"type":"if","locations":[{"start":{"line":111,"column":4},"end":{"line":113,"column":5}},{"start":{"line":111,"column":4},"end":{"line":113,"column":5}}],"line":111},"10":{"loc":{"start":{"line":117,"column":6},"end":{"line":128,"column":7}},"type":"if","locations":[{"start":{"line":117,"column":6},"end":{"line":128,"column":7}},{"start":{"line":117,"column":6},"end":{"line":128,"column":7}}],"line":117},"11":{"loc":{"start":{"line":117,"column":9},"end":{"line":117,"column":30}},"type":"binary-expr","locations":[{"start":{"line":117,"column":9},"end":{"line":117,"column":21}},{"start":{"line":117,"column":25},"end":{"line":117,"column":30}}],"line":117},"12":{"loc":{"start":{"line":121,"column":11},"end":{"line":128,"column":7}},"type":"if","locations":[{"start":{"line":121,"column":11},"end":{"line":128,"column":7}},{"start":{"line":121,"column":11},"end":{"line":128,"column":7}}],"line":121}},"s":{"0":13,"1":13,"2":49,"3":49,"4":49,"5":49,"6":2,"7":2,"8":10,"9":1,"10":9,"11":1,"12":7,"13":7,"14":0,"15":7,"16":7,"17":31,"18":31,"19":7,"20":7,"21":3,"22":3,"23":0,"24":0,"25":3,"26":10,"27":3,"28":3,"29":3,"30":10,"31":2,"32":2,"33":1,"34":1,"35":1,"36":2,"37":1,"38":1,"39":1,"40":1,"41":1,"42":1,"43":2,"44":2,"45":8,"46":2,"47":2,"48":2,"49":8,"50":1,"51":1,"52":1,"53":1,"54":1,"55":0,"56":1,"57":4,"58":1,"59":1,"60":3,"61":0,"62":3,"63":3,"64":1,"65":1},"f":{"0":13,"1":49,"2":2,"3":7,"4":3,"5":2,"6":2,"7":1},"b":{"0":[0],"1":[1,9],"2":[0,7],"3":[0,3],"4":[3,7],"5":[10,3],"6":[1,1],"7":[1,1],"8":[2,6],"9":[0,1],"10":[1,3],"11":[4,4],"12":[0,3]},"_coverageSchema":"1a1c01bbd47fc00a2c39e90264f33305004495a9","hash":"90d9db93c15d9e363fd4af3a78adb397ebadae41"}
,"/home/bryant/packages/DSA/javaScript-dsa/data-structures/linked-list/node.js": {"path":"/home/bryant/packages/DSA/javaScript-dsa/data-structures/linked-list/node.js","statementMap":{"0":{"start":{"line":5,"column":8},"end":{"line":5,"column":27}},"1":{"start":{"line":6,"column":8},"end":{"line":6,"column":25}},"2":{"start":{"line":10,"column":0},"end":{"line":10,"column":22}}},"fnMap":{"0":{"name":"(anonymous_0)","decl":{"start":{"line":4,"column":4},"end":{"line":4,"column":5}},"loc":{"start":{"line":4,"column":29},"end":{"line":7,"column":5}},"line":4}},"branchMap":{"0":{"loc":{"start":{"line":4,"column":16},"end":{"line":4,"column":28}},"type":"default-arg","locations":[{"start":{"line":4,"column":24},"end":{"line":4,"column":28}}],"line":4}},"s":{"0":83,"1":83,"2":3},"f":{"0":83},"b":{"0":[0]},"_coverageSchema":"1a1c01bbd47fc00a2c39e90264f33305004495a9","hash":"82ac3f1bd83089d3db5c9729c7906cf1b999182d"}
}
