TN:
SF:data-structures/StacksandQueues/queue.js
FN:6,(anonymous_0)
FN:11,(anonymous_1)
FN:24,(anonymous_2)
FN:33,(anonymous_3)
FNF:4
FNH:4
FNDA:6,(anonymous_0)
FNDA:17,(anonymous_1)
FNDA:5,(anonymous_2)
FNDA:2,(anonymous_3)
DA:3,1
DA:7,6
DA:8,6
DA:12,17
DA:14,17
DA:15,5
DA:16,5
DA:19,12
DA:20,12
DA:25,5
DA:26,0
DA:28,5
DA:29,5
DA:30,5
DA:34,2
DA:35,1
DA:37,1
DA:41,1
LF:18
LH:17
BRDA:14,0,0,5
BRDA:14,0,1,12
BRDA:25,1,0,0
BRDA:25,1,1,5
BRDA:34,2,0,1
BRDA:34,2,1,1
BRF:6
BRH:5
end_of_record
TN:
SF:data-structures/StacksandQueues/stack.js
FN:6,(anonymous_0)
FN:10,(anonymous_1)
FN:17,(anonymous_2)
FN:26,(anonymous_3)
FNF:4
FNH:4
FNDA:6,(anonymous_0)
FNDA:11,(anonymous_1)
FNDA:4,(anonymous_2)
FNDA:1,(anonymous_3)
DA:3,1
DA:7,6
DA:11,11
DA:12,11
DA:13,11
DA:14,11
DA:18,4
DA:19,1
DA:21,3
DA:22,3
DA:23,3
DA:27,1
DA:28,0
DA:31,1
DA:35,1
LF:15
LH:14
BRDA:18,0,0,1
BRDA:18,0,1,3
BRDA:27,1,0,0
BRDA:27,1,1,1
BRF:4
BRH:3
end_of_record
TN:
SF:data-structures/binary-tree/node.js
FN:4,(anonymous_0)
FNF:1
FNH:1
FNDA:20,(anonymous_0)
DA:5,20
DA:6,20
DA:7,20
DA:11,1
LF:4
LH:4
BRDA:4,0,0,0
BRF:1
BRH:0
end_of_record
TN:
SF:data-structures/binary-tree/trees.js
FN:6,(anonymous_0)
FN:10,(anonymous_1)
FN:16,(anonymous_2)
FN:25,(anonymous_3)
FN:35,(anonymous_4)
FN:46,(anonymous_5)
FN:56,(anonymous_6)
FN:68,(anonymous_7)
FN:81,(anonymous_8)
FNF:9
FNH:9
FNDA:5,(anonymous_0)
FNDA:1,(anonymous_1)
FNDA:4,(anonymous_2)
FNDA:1,(anonymous_3)
FNDA:4,(anonymous_4)
FNDA:1,(anonymous_5)
FNDA:4,(anonymous_6)
FNDA:9,(anonymous_7)
FNDA:1,(anonymous_8)
DA:3,1
DA:7,5
DA:11,1
DA:12,1
DA:13,1
DA:17,4
DA:19,4
DA:20,4
DA:22,4
DA:26,1
DA:27,0
DA:29,1
DA:30,1
DA:31,1
DA:32,1
DA:37,4
DA:38,2
DA:41,4
DA:42,1
DA:44,4
DA:47,1
DA:48,0
DA:50,1
DA:51,1
DA:52,1
DA:53,1
DA:58,4
DA:59,2
DA:62,4
DA:64,4
DA:65,1
DA:69,9
DA:70,9
DA:71,5
DA:73,4
DA:74,4
DA:75,4
DA:76,4
DA:77,4
DA:78,4
DA:82,1
DA:83,1
DA:84,0
DA:87,1
DA:88,1
DA:89,1
DA:90,1
DA:91,4
DA:92,4
DA:93,4
DA:94,2
DA:95,2
DA:97,4
DA:98,1
DA:99,1
DA:101,4
DA:102,2
DA:105,1
DA:109,1
LF:59
LH:56
BRDA:12,0,0,1
BRDA:12,0,1,0
BRDA:19,1,0,2
BRDA:19,1,1,2
BRDA:20,2,0,1
BRDA:20,2,1,3
BRDA:26,3,0,0
BRDA:26,3,1,1
BRDA:26,4,0,1
BRDA:26,4,1,0
BRDA:37,5,0,2
BRDA:37,5,1,2
BRDA:41,6,0,1
BRDA:41,6,1,3
BRDA:47,7,0,0
BRDA:47,7,1,1
BRDA:47,8,0,1
BRDA:47,8,1,0
BRDA:58,9,0,2
BRDA:58,9,1,2
BRDA:64,10,0,1
BRDA:64,10,1,3
BRDA:70,11,0,5
BRDA:70,11,1,4
BRDA:76,12,0,2
BRDA:76,12,1,2
BRDA:77,13,0,1
BRDA:77,13,1,3
BRDA:83,14,0,0
BRDA:83,14,1,1
BRDA:93,15,0,2
BRDA:93,15,1,2
BRDA:97,16,0,1
BRDA:97,16,1,3
BRDA:101,17,0,2
BRDA:101,17,1,2
BRF:36
BRH:30
end_of_record
TN:
SF:data-structures/graph/graph.js
FN:4,(anonymous_0)
FN:10,(anonymous_1)
FN:18,(anonymous_2)
FN:26,(anonymous_3)
FN:35,(anonymous_4)
FN:47,(anonymous_5)
FN:58,(anonymous_6)
FN:94,(anonymous_7)
FN:125,(anonymous_8)
FN:131,(anonymous_9)
FN:148,(anonymous_10)
FN:152,(anonymous_11)
FNF:12
FNH:11
FNDA:5,(anonymous_0)
FNDA:6,(anonymous_1)
FNDA:1,(anonymous_2)
FNDA:5,(anonymous_3)
FNDA:6,(anonymous_4)
FNDA:16,(anonymous_5)
FNDA:1,(anonymous_6)
FNDA:0,(anonymous_7)
FNDA:1,(anonymous_8)
FNDA:5,(anonymous_9)
FNDA:1,(anonymous_10)
FNDA:5,(anonymous_11)
DA:5,5
DA:11,6
DA:12,6
DA:23,1
DA:28,5
DA:30,5
DA:31,5
DA:37,6
DA:38,0
DA:42,6
DA:43,6
DA:44,6
DA:50,16
DA:51,0
DA:55,16
DA:60,1
DA:61,1
DA:63,1
DA:64,1
DA:65,1
DA:67,1
DA:69,5
DA:71,5
DA:74,5
DA:76,6
DA:78,6
DA:79,2
DA:81,4
DA:82,4
DA:85,4
DA:90,1
DA:96,0
DA:97,0
DA:98,0
DA:100,0
DA:102,0
DA:104,0
DA:106,0
DA:108,0
DA:109,0
DA:111,0
DA:114,0
DA:118,0
DA:121,0
DA:128,1
DA:129,1
DA:131,1
DA:132,5
DA:133,5
DA:135,5
DA:136,5
DA:137,6
DA:138,4
DA:143,1
DA:146,1
DA:149,1
DA:150,1
DA:152,1
DA:153,5
DA:154,5
DA:156,5
DA:157,5
DA:158,6
DA:159,4
DA:164,1
DA:167,1
DA:172,1
LF:67
LH:52
BRDA:10,0,0,0
BRDA:35,1,0,6
BRDA:37,2,0,0
BRDA:37,2,1,6
BRDA:37,3,0,6
BRDA:37,3,1,6
BRDA:50,4,0,0
BRDA:50,4,1,16
BRDA:78,5,0,2
BRDA:78,5,1,4
BRDA:111,6,0,0
BRDA:111,6,1,0
BRDA:137,7,0,4
BRDA:137,7,1,2
BRDA:158,8,0,4
BRDA:158,8,1,2
BRF:16
BRH:11
end_of_record
TN:
SF:data-structures/linked-list/linked-list.js
FN:7,(anonymous_0)
FN:12,(anonymous_1)
FN:19,(anonymous_2)
FN:31,(anonymous_3)
FN:47,(anonymous_4)
FN:67,(anonymous_5)
FN:90,(anonymous_6)
FN:104,(anonymous_7)
FNF:8
FNH:8
FNDA:13,(anonymous_0)
FNDA:49,(anonymous_1)
FNDA:2,(anonymous_2)
FNDA:7,(anonymous_3)
FNDA:3,(anonymous_4)
FNDA:2,(anonymous_5)
FNDA:2,(anonymous_6)
FNDA:1,(anonymous_7)
DA:8,13
DA:9,13
DA:13,49
DA:14,49
DA:15,49
DA:16,49
DA:20,2
DA:22,2
DA:23,10
DA:24,1
DA:26,9
DA:28,1
DA:32,7
DA:34,7
DA:35,0
DA:37,7
DA:39,7
DA:40,31
DA:41,31
DA:43,7
DA:44,7
DA:48,3
DA:49,3
DA:50,0
DA:51,0
DA:53,3
DA:54,10
DA:56,3
DA:58,3
DA:60,3
DA:63,10
DA:68,2
DA:70,2
DA:71,1
DA:75,1
DA:77,1
DA:78,2
DA:79,1
DA:80,1
DA:81,1
DA:82,1
DA:84,1
DA:85,1
DA:91,2
DA:93,2
DA:94,8
DA:95,2
DA:96,2
DA:97,2
DA:99,8
DA:105,1
DA:107,1
DA:108,1
DA:110,1
DA:111,1
DA:112,0
DA:116,1
DA:117,4
DA:118,1
DA:119,1
DA:121,3
DA:122,0
DA:126,3
DA:127,3
DA:130,1
DA:135,1
LF:66
LH:61
BRDA:7,0,0,0
BRDA:23,1,0,1
BRDA:23,1,1,9
BRDA:34,2,0,0
BRDA:34,2,1,7
BRDA:49,3,0,0
BRDA:49,3,1,3
BRDA:54,4,0,3
BRDA:54,4,1,7
BRDA:54,5,0,10
BRDA:54,5,1,3
BRDA:70,6,0,1
BRDA:70,6,1,1
BRDA:78,7,0,1
BRDA:78,7,1,1
BRDA:94,8,0,2
BRDA:94,8,1,6
BRDA:111,9,0,0
BRDA:111,9,1,1
BRDA:117,10,0,1
BRDA:117,10,1,3
BRDA:117,11,0,4
BRDA:117,11,1,4
BRDA:121,12,0,0
BRDA:121,12,1,3
BRF:25
BRH:20
end_of_record
TN:
SF:data-structures/linked-list/node.js
FN:4,(anonymous_0)
FNF:1
FNH:1
FNDA:83,(anonymous_0)
DA:5,83
DA:6,83
DA:10,3
LF:3
LH:3
BRDA:4,0,0,0
BRF:1
BRH:0
end_of_record
